<?xml version="1.0" encoding="UTF-8"?>
<!-- Generated by org.testng.reporters.JUnitXMLReporter -->
<testsuite ignored="3" hostname="EN911705" failures="0" tests="1" name="Surefire test" time="0.021" errors="0" timestamp="2022-03-28T14:42:08 COT">
  <testcase classname="tests.BasicValidationsTest" name="properties" time="0.002"/>
  <testcase classname="tests.BasicValidationsTest" name="testStatusCode" time="0.0">
    <ignored/>
  </testcase> <!-- testStatusCode -->
  <testcase classname="tests.BasicValidationsTest" name="logResponseTest" time="0.0">
    <ignored/>
  </testcase> <!-- logResponseTest -->
  <testcase classname="tests.BasicValidationsTest" name="logMultipleResponseTest" time="0.0">
    <ignored/>
  </testcase> <!-- logMultipleResponseTest -->
</testsuite> <!-- Surefire test -->
