<?xml version="1.0" encoding="UTF-8"?>
<!-- Generated by org.testng.reporters.JUnitXMLReporter -->
<testsuite ignored="4" hostname="EN911705" failures="0" tests="1" name="Default test" time="0.024" errors="0" timestamp="2022-04-07T19:46:18 COT">
  <testcase classname="tests.BasicValidationsTest" name="hashmapTest" time="0.005"/>
  <testcase classname="tests.BasicValidationsTest" name="testStatusCode" time="0.0">
    <ignored/>
  </testcase> <!-- testStatusCode -->
  <testcase classname="tests.BasicValidationsTest" name="properties" time="0.0">
    <ignored/>
  </testcase> <!-- properties -->
  <testcase classname="tests.BasicValidationsTest" name="logResponseTest" time="0.0">
    <ignored/>
  </testcase> <!-- logResponseTest -->
  <testcase classname="tests.BasicValidationsTest" name="logMultipleResponseTest" time="0.0">
    <ignored/>
  </testcase> <!-- logMultipleResponseTest -->
</testsuite> <!-- Default test -->
