<?xml version="1.0" encoding="UTF-8"?>
<testng-results ignored="3" total="4" passed="1" failed="0" skipped="0">
  <reporter-output>
  </reporter-output>
  <suite started-at="2022-03-28T14:52:26 COT" name="Suite" finished-at="2022-03-28T14:52:26 COT" duration-ms="20">
    <groups>
    </groups>
    <test started-at="2022-03-28T14:52:26 COT" name="Test" finished-at="2022-03-28T14:52:26 COT" duration-ms="20">
      <class name="tests.BasicValidationsTest">
        <test-method signature="properties()[pri:0, instance:tests.BasicValidationsTest@4d910fd6]" started-at="2022-03-28T14:52:26 COT" name="properties" finished-at="2022-03-28T14:52:26 COT" duration-ms="2" status="PASS">
          <reporter-output>
          </reporter-output>
        </test-method> <!-- properties -->
      </class> <!-- tests.BasicValidationsTest -->
    </test> <!-- Test -->
  </suite> <!-- Suite -->
</testng-results>
