<?xml version="1.0" encoding="UTF-8"?>
<testng-results ignored="0" total="1" passed="1" failed="0" skipped="0">
  <reporter-output>
  </reporter-output>
  <suite started-at="2022-05-17T19:29:54 COT" name="Default suite" finished-at="2022-05-17T19:29:56 COT" duration-ms="1875">
    <groups>
    </groups>
    <test started-at="2022-05-17T19:29:54 COT" name="Default test" finished-at="2022-05-17T19:29:56 COT" duration-ms="1875">
      <class name="PruralRestAssured.SerializationAndDeserialization.Test1">
        <test-method signature="test()[pri:0, instance:PruralRestAssured.SerializationAndDeserialization.Test1@702b8b12]" started-at="2022-05-17T19:29:54 COT" name="test" finished-at="2022-05-17T19:29:56 COT" duration-ms="1848" status="PASS">
          <reporter-output>
          </reporter-output>
        </test-method> <!-- test -->
      </class> <!-- PruralRestAssured.SerializationAndDeserialization.Test1 -->
    </test> <!-- Default test -->
  </suite> <!-- Default suite -->
</testng-results>
