<?xml version="1.0" encoding="UTF-8"?>
<testng-results ignored="4" total="5" passed="1" failed="0" skipped="0">
  <reporter-output>
  </reporter-output>
  <suite started-at="2022-04-07T19:46:18 COT" name="Default suite" finished-at="2022-04-07T19:46:18 COT" duration-ms="24">
    <groups>
    </groups>
    <test started-at="2022-04-07T19:46:18 COT" name="Default test" finished-at="2022-04-07T19:46:18 COT" duration-ms="24">
      <class name="tests.BasicValidationsTest">
        <test-method signature="hashmapTest()[pri:0, instance:tests.BasicValidationsTest@10163d6]" started-at="2022-04-07T19:46:18 COT" name="hashmapTest" finished-at="2022-04-07T19:46:18 COT" duration-ms="5" status="PASS">
          <reporter-output>
          </reporter-output>
        </test-method> <!-- hashmapTest -->
      </class> <!-- tests.BasicValidationsTest -->
    </test> <!-- Default test -->
  </suite> <!-- Default suite -->
</testng-results>
